INFO:root:Entering main...
INFO:root:Logged cmd arguments
INFO:root:(1585223771.223083)	[SERVER@localhost:5556]: initializing
INFO:root:(1585223771.2440884)	[CLIENT@localhost:5557]: initializing
INFO:root:(1585223771.2630956)	[CLIENT@localhost:5558]: initializing
INFO:root:(1585223771.2830987)	[CLIENT@localhost:5559]: initializing
INFO:root:(1585223771.3021038)	[SERVER@localhost:5556]: running ...
INFO:root:(1585223771.3051045)	[CLIENT@localhost:5557]: subscribed to localhost:5556
INFO:root:(1585223771.3181124)	[CLIENT@localhost:5558]: subscribed to localhost:5556
INFO:root:(1585223771.3241088)	[CLIENT@localhost:5559]: subscribed to localhost:5556
INFO:root:(1585223771.36912)	[SERVER@localhost:5556]: read tracefile -> ChunkChanges-very-distributed.csv
INFO:root:(1585223772.0862982)	[SERVER@localhost:5556]: starting to publish updates ...
INFO:root:(1585223772.0872993)	[SERVER@localhost:5556]: published update
INFO:root:(1585223772.089301)	[CLIENT@localhost:5559]: received update from localhost:5556
INFO:root:(1585223772.089301)	[CLIENT@localhost:5558]: received update from localhost:5556
INFO:root:(1585223772.089301)	[CLIENT@localhost:5557]: received update from localhost:5556
INFO:root:(1585223772.0903013)	[CLIENT@localhost:5559]: processed update from localhost:5556
INFO:root:(1585223772.0903013)	[CLIENT@localhost:5558]: processed update from localhost:5556
INFO:root:(1585223772.0913012)	[CLIENT@localhost:5557]: processed update from localhost:5556
INFO:root:(1585223772.5903366)	[SERVER@localhost:5556]: published update
INFO:root:(1585223772.5923378)	[CLIENT@localhost:5557]: received update from localhost:5556
INFO:root:(1585223772.5933416)	[CLIENT@localhost:5559]: received update from localhost:5556
INFO:root:(1585223772.594339)	[CLIENT@localhost:5558]: received update from localhost:5556
INFO:root:(1585223772.594339)	[CLIENT@localhost:5557]: processed update from localhost:5556
INFO:root:(1585223772.5953379)	[CLIENT@localhost:5559]: processed update from localhost:5556
INFO:root:(1585223772.5963387)	[CLIENT@localhost:5558]: processed update from localhost:5556
INFO:root:(1585223773.0921414)	[SERVER@localhost:5556]: published update
INFO:root:(1585223773.094151)	[CLIENT@localhost:5558]: received update from localhost:5556
INFO:root:(1585223773.0951498)	[CLIENT@localhost:5557]: received update from localhost:5556
INFO:root:(1585223773.0951498)	[CLIENT@localhost:5559]: received update from localhost:5556
INFO:root:(1585223773.09615)	[CLIENT@localhost:5558]: processed update from localhost:5556
INFO:root:(1585223773.09615)	[CLIENT@localhost:5557]: processed update from localhost:5556
INFO:root:(1585223773.0971506)	[CLIENT@localhost:5559]: processed update from localhost:5556
INFO:root:(1585223773.5945675)	[SERVER@localhost:5556]: published update
INFO:root:(1585223773.5964446)	[CLIENT@localhost:5557]: received update from localhost:5556
INFO:root:(1585223773.5974479)	[CLIENT@localhost:5559]: received update from localhost:5556
INFO:root:(1585223773.5974479)	[CLIENT@localhost:5558]: received update from localhost:5556
INFO:root:(1585223773.5984454)	[CLIENT@localhost:5557]: processed update from localhost:5556
INFO:root:(1585223773.5994442)	[CLIENT@localhost:5559]: processed update from localhost:5556
INFO:root:(1585223773.5994442)	[CLIENT@localhost:5558]: processed update from localhost:5556
INFO:root:(1585223774.0996978)	[SERVER@localhost:5556]: published update
INFO:root:(1585223774.1026986)	[CLIENT@localhost:5557]: received update from localhost:5556
INFO:root:(1585223774.1026986)	[CLIENT@localhost:5559]: received update from localhost:5556
INFO:root:(1585223774.1037)	[CLIENT@localhost:5558]: received update from localhost:5556
INFO:root:(1585223774.1037)	[CLIENT@localhost:5557]: processed update from localhost:5556
INFO:root:(1585223774.1046984)	[CLIENT@localhost:5559]: processed update from localhost:5556
INFO:root:(1585223774.1046984)	[CLIENT@localhost:5558]: processed update from localhost:5556
INFO:root:(1585223774.6041403)	[SERVER@localhost:5556]: published update
INFO:root:(1585223774.6061406)	[CLIENT@localhost:5557]: received update from localhost:5556
INFO:root:(1585223774.6061406)	[CLIENT@localhost:5559]: received update from localhost:5556
INFO:root:(1585223774.6071408)	[CLIENT@localhost:5558]: received update from localhost:5556
INFO:root:(1585223774.608141)	[CLIENT@localhost:5557]: processed update from localhost:5556
INFO:root:(1585223774.6091418)	[CLIENT@localhost:5559]: processed update from localhost:5556
INFO:root:(1585223774.6101406)	[CLIENT@localhost:5558]: processed update from localhost:5556
INFO:root:(1585223775.1059148)	[SERVER@localhost:5556]: published update
INFO:root:(1585223775.106966)	[CLIENT@localhost:5557]: received update from localhost:5556
INFO:root:(1585223775.1079643)	[CLIENT@localhost:5558]: received update from localhost:5556
INFO:root:(1585223775.1079643)	[CLIENT@localhost:5559]: received update from localhost:5556
INFO:root:(1585223775.1089644)	[CLIENT@localhost:5557]: processed update from localhost:5556
INFO:root:(1585223775.1099648)	[CLIENT@localhost:5558]: processed update from localhost:5556
INFO:root:(1585223775.1099648)	[CLIENT@localhost:5559]: processed update from localhost:5556
INFO:root:(1585223775.6106262)	[SERVER@localhost:5556]: published update
INFO:root:(1585223775.6126275)	[CLIENT@localhost:5557]: received update from localhost:5556
INFO:root:(1585223775.6136267)	[CLIENT@localhost:5559]: received update from localhost:5556
INFO:root:(1585223775.6146286)	[CLIENT@localhost:5558]: received update from localhost:5556
INFO:root:(1585223775.6156287)	[CLIENT@localhost:5557]: processed update from localhost:5556
INFO:root:(1585223775.616628)	[CLIENT@localhost:5559]: processed update from localhost:5556
INFO:root:(1585223775.6176283)	[CLIENT@localhost:5558]: processed update from localhost:5556
INFO:root:(1585223776.1176574)	[SERVER@localhost:5556]: published update
INFO:root:(1585223776.1186612)	[CLIENT@localhost:5557]: received update from localhost:5556
INFO:root:(1585223776.119661)	[CLIENT@localhost:5558]: received update from localhost:5556
INFO:root:(1585223776.1206608)	[CLIENT@localhost:5559]: received update from localhost:5556
INFO:root:(1585223776.1216636)	[CLIENT@localhost:5557]: processed update from localhost:5556
INFO:root:(1585223776.1216636)	[CLIENT@localhost:5558]: processed update from localhost:5556
INFO:root:(1585223776.1226606)	[CLIENT@localhost:5559]: processed update from localhost:5556
INFO:root:(1585223776.623891)	[SERVER@localhost:5556]: published update
INFO:root:(1585223776.6258926)	[CLIENT@localhost:5557]: received update from localhost:5556
INFO:root:(1585223776.6268907)	[CLIENT@localhost:5558]: received update from localhost:5556
INFO:root:(1585223776.627892)	[CLIENT@localhost:5559]: received update from localhost:5556
INFO:root:(1585223776.6288922)	[CLIENT@localhost:5557]: processed update from localhost:5556
INFO:root:(1585223776.6298914)	[CLIENT@localhost:5558]: processed update from localhost:5556
INFO:root:(1585223776.6308913)	[CLIENT@localhost:5559]: processed update from localhost:5556
INFO:root:(1585223777.1284404)	[SERVER@localhost:5556]: published update
INFO:root:(1585223777.1294444)	[CLIENT@localhost:5557]: received update from localhost:5556
INFO:root:(1585223777.1304476)	[CLIENT@localhost:5558]: received update from localhost:5556
INFO:root:(1585223777.1314433)	[CLIENT@localhost:5559]: received update from localhost:5556
INFO:root:(1585223777.1324434)	[CLIENT@localhost:5557]: processed update from localhost:5556
INFO:root:(1585223777.1324434)	[CLIENT@localhost:5558]: processed update from localhost:5556
INFO:root:(1585223777.133443)	[CLIENT@localhost:5559]: processed update from localhost:5556
INFO:root:(1585223777.6355917)	[SERVER@localhost:5556]: published update
INFO:root:(1585223777.6365924)	[CLIENT@localhost:5557]: received update from localhost:5556
INFO:root:(1585223777.6375918)	[CLIENT@localhost:5559]: received update from localhost:5556
INFO:root:(1585223777.6385922)	[CLIENT@localhost:5558]: received update from localhost:5556
INFO:root:(1585223777.640593)	[CLIENT@localhost:5557]: processed update from localhost:5556
INFO:root:(1585223777.641593)	[CLIENT@localhost:5559]: processed update from localhost:5556
INFO:root:(1585223777.6435955)	[CLIENT@localhost:5558]: processed update from localhost:5556
INFO:root:(1585223778.1431053)	[SERVER@localhost:5556]: published update
INFO:root:(1585223778.144107)	[CLIENT@localhost:5557]: received update from localhost:5556
INFO:root:(1585223778.1451073)	[CLIENT@localhost:5559]: received update from localhost:5556
INFO:root:(1585223778.1461067)	[CLIENT@localhost:5558]: received update from localhost:5556
INFO:root:(1585223778.1481073)	[CLIENT@localhost:5557]: processed update from localhost:5556
INFO:root:(1585223778.1491072)	[CLIENT@localhost:5559]: processed update from localhost:5556
INFO:root:(1585223778.1511068)	[CLIENT@localhost:5558]: processed update from localhost:5556
INFO:root:(1585223778.648856)	[SERVER@localhost:5556]: published update
INFO:root:(1585223778.6498594)	[CLIENT@localhost:5557]: received update from localhost:5556
INFO:root:(1585223778.650863)	[CLIENT@localhost:5558]: received update from localhost:5556
INFO:root:(1585223778.6518583)	[CLIENT@localhost:5559]: received update from localhost:5556
INFO:root:(1585223778.6528592)	[CLIENT@localhost:5557]: processed update from localhost:5556
INFO:root:(1585223778.6528592)	[CLIENT@localhost:5558]: processed update from localhost:5556
INFO:root:(1585223778.6538575)	[CLIENT@localhost:5559]: processed update from localhost:5556
INFO:root:(1585223779.154201)	[SERVER@localhost:5556]: published update
INFO:root:(1585223779.155204)	[CLIENT@localhost:5557]: received update from localhost:5556
INFO:root:(1585223779.1562083)	[CLIENT@localhost:5558]: received update from localhost:5556
INFO:root:(1585223779.1582053)	[CLIENT@localhost:5559]: received update from localhost:5556
INFO:root:(1585223779.1582053)	[CLIENT@localhost:5557]: processed update from localhost:5556
INFO:root:(1585223779.1592054)	[CLIENT@localhost:5558]: processed update from localhost:5556
INFO:root:(1585223779.1602056)	[CLIENT@localhost:5559]: processed update from localhost:5556
INFO:root:(1585223779.6583326)	[SERVER@localhost:5556]: published update
INFO:root:(1585223779.6603365)	[CLIENT@localhost:5557]: received update from localhost:5556
INFO:root:(1585223779.6613376)	[CLIENT@localhost:5558]: received update from localhost:5556
INFO:root:(1585223779.662335)	[CLIENT@localhost:5559]: received update from localhost:5556
INFO:root:(1585223779.663337)	[CLIENT@localhost:5557]: processed update from localhost:5556
INFO:root:(1585223779.663337)	[CLIENT@localhost:5558]: processed update from localhost:5556
INFO:root:(1585223779.6643357)	[CLIENT@localhost:5559]: processed update from localhost:5556
INFO:root:(1585223780.1652305)	[SERVER@localhost:5556]: published update
INFO:root:(1585223780.1672313)	[CLIENT@localhost:5557]: received update from localhost:5556
INFO:root:(1585223780.1682303)	[CLIENT@localhost:5559]: received update from localhost:5556
INFO:root:(1585223780.1702306)	[CLIENT@localhost:5558]: received update from localhost:5556
INFO:root:(1585223780.1722307)	[CLIENT@localhost:5557]: processed update from localhost:5556
INFO:root:(1585223780.1732318)	[CLIENT@localhost:5559]: processed update from localhost:5556
INFO:root:(1585223780.1742322)	[CLIENT@localhost:5558]: processed update from localhost:5556
INFO:root:(1585223780.6725209)	[SERVER@localhost:5556]: published update
INFO:root:(1585223780.6735237)	[CLIENT@localhost:5557]: received update from localhost:5556
INFO:root:(1585223780.6745238)	[CLIENT@localhost:5559]: received update from localhost:5556
INFO:root:(1585223780.6765254)	[CLIENT@localhost:5557]: processed update from localhost:5556
INFO:root:(1585223780.6765254)	[CLIENT@localhost:5558]: received update from localhost:5556
INFO:root:(1585223780.6775231)	[CLIENT@localhost:5559]: processed update from localhost:5556
INFO:root:(1585223780.6785245)	[CLIENT@localhost:5558]: processed update from localhost:5556
INFO:root:(1585223781.17877)	[SERVER@localhost:5556]: published update
INFO:root:(1585223781.1797724)	[CLIENT@localhost:5557]: received update from localhost:5556
INFO:root:(1585223781.1817727)	[CLIENT@localhost:5558]: received update from localhost:5556
INFO:root:(1585223781.1817727)	[CLIENT@localhost:5559]: received update from localhost:5556
INFO:root:(1585223781.1827729)	[CLIENT@localhost:5557]: processed update from localhost:5556
INFO:root:(1585223781.1837723)	[CLIENT@localhost:5558]: processed update from localhost:5556
INFO:root:(1585223781.1847708)	[CLIENT@localhost:5559]: processed update from localhost:5556
INFO:root:(1585223781.6849399)	[SERVER@localhost:5556]: published update
INFO:root:(1585223781.685938)	[CLIENT@localhost:5557]: received update from localhost:5556
INFO:root:(1585223781.6879363)	[CLIENT@localhost:5559]: received update from localhost:5556
INFO:root:(1585223781.6889374)	[CLIENT@localhost:5558]: received update from localhost:5556
INFO:root:(1585223781.690937)	[CLIENT@localhost:5557]: processed update from localhost:5556
INFO:root:(1585223781.6919389)	[CLIENT@localhost:5559]: processed update from localhost:5556
INFO:root:(1585223781.694939)	[CLIENT@localhost:5558]: processed update from localhost:5556
INFO:root:(1585223782.2180843)	[SERVER@localhost:5556]: published end-message
INFO:root:(1585223782.219087)	[CLIENT@localhost:5559]: received end-message from localhost:5556
INFO:root:(1585223782.219087)	[CLIENT@localhost:5558]: received end-message from localhost:5556
INFO:root:(1585223782.219087)	[CLIENT@localhost:5557]: received end-message from localhost:5556
INFO:root:(1585223782.222086)	[CLIENT@localhost:5557]: shut down
INFO:root:(1585223782.2240872)	[CLIENT@localhost:5558]: shut down
INFO:root:(1585223782.2250872)	[CLIENT@localhost:5559]: shut down
INFO:root:(1585223782.228089)	[SERVER@localhost:5556]: shut down
INFO:root:Exiting main...
